Autor: Figueroa Osicka Christian Andres
lunes, 13 de noviembre de 2023 01:27:21 a. m.
i =  300 = 300
k =  1 + = 45
i =  0 = 0
i =  1 = 1
for: i
j =  250 = 250
for: j
 250 + 2 % 0 250 + 2 % 0j =  250 = 250
for: j
 250 + 2 % 0 250 + 2 % 0 250 + 2 % 0j =  250 = 250
for: j
 250 + 2 % 0 250 + 2 % 0 250 + 2 % 0 250 + 2 % 0j =  250 = 250
for: j
 250 + 2 % 0i =  1 = 1
while: 
j =  250 = 250
while: 
 250 + 2 % 0j =  = 251
 250 + 2 % 0j =  = 252
i =  = 2
j =  250 = 250
while: 
 250 + 2 % 0j =  = 251
 250 + 2 % 0j =  = 252
 250 + 2 % 0j =  = 253
i =  = 3
j =  250 = 250
while: 
 250 + 2 % 0j =  = 251
 250 + 2 % 0j =  = 252
 250 + 2 % 0j =  = 253
 250 + 2 % 0j =  = 254
i =  = 4
j =  250 = 250
while: 
 250 + 2 % 0j =  = 254
i =  = 5
i =  1 = 1
do: 
j =  250 = 250
do: 
 2 % 0j =  = 251
 250 +i =  = 2
j =  250 = 250
do: 
 2 % 0j =  = 251
 250 + 2 % 0j =  = 252
 250 +i =  = 3
j =  250 = 250
do: 
 2 % 0j =  = 251
 250 + 2 % 0j =  = 252
 250 + 2 % 0j =  = 253
 250 +i =  = 4
-----------------
V a r i a b l e s
-----------------
altura Int = 3
i Int = 4
j Int = 253
k Int = 45
-----------------
